%!Adobe-FontList 1.14
%Locale:0x409

%BeginFont
Handler:DirectoryHandler
FontType:Type1
FontName:Arquitecta
FamilyName:Arquitecta
StyleName:Regular
MenuName:Arquitecta
StyleBits:0
WeightClass:450
WidthClass:5
AngleClass:0
FullName:Arquitecta
WritingScript:Roman
OutlineFileName:\Arquitecta.otf
DataFormat:sfntData
UsesStandardEncoding:yes
isCFF:yes
FileLength:135912
FileModTime:1392280256
%EndFont

%BeginFont
Handler:DirectoryHandler
FontType:Type1
FontName:ArquitectaBold
FamilyName:Arquitecta
StyleName:Bold
MenuName:Arquitecta Bold
StyleBits:0
WeightClass:700
WidthClass:5
AngleClass:0
FullName:Arquitecta Bold
WritingScript:Roman
OutlineFileName:\ArquitectaBold.otf
DataFormat:sfntData
UsesStandardEncoding:yes
isCFF:yes
FileLength:136364
FileModTime:1392280256
%EndFont

%BeginFont
Handler:DirectoryHandler
FontType:Type1
FontName:ArquitectaHeavy
FamilyName:Arquitecta
StyleName:Heavy
MenuName:Arquitecta Heavy
StyleBits:0
WeightClass:900
WidthClass:5
AngleClass:0
FullName:Arquitecta Heavy
WritingScript:Roman
OutlineFileName:\ArquitectaHeavy.otf
DataFormat:sfntData
UsesStandardEncoding:yes
isCFF:yes
FileLength:137216
FileModTime:1392280258
%EndFont

%BeginFont
Handler:DirectoryHandler
FontType:Type1
FontName:ArquitectaLight
FamilyName:Arquitecta
StyleName:Light
MenuName:Arquitecta Light
StyleBits:0
WeightClass:300
WidthClass:5
AngleClass:0
FullName:Arquitecta Light
WritingScript:Roman
OutlineFileName:\ArquitectaLight.otf
DataFormat:sfntData
UsesStandardEncoding:yes
isCFF:yes
FileLength:135608
FileModTime:1392280258
%EndFont

%BeginFont
Handler:DirectoryHandler
FontType:Type1
FontName:BemboStd
FamilyName:Bembo Std
StyleName:Regular
MenuName:Bembo Std
StyleBits:0
WeightClass:400
WidthClass:5
AngleClass:0
FullName:Bembo Std
WritingScript:Roman
OutlineFileName:\BemboStd.otf
DataFormat:sfntData
UsesStandardEncoding:yes
isCFF:yes
FileLength:63484
FileModTime:1055413572
%EndFont

